<?xml version="1.0" encoding="UTF-8"?>
<!-- Generated by org.testng.reporters.JUnitReportReporter -->
<testsuite hostname="LAPTOP-JBPHD3IU" failures="0" tests="5" name="com.ws.testcases.TestLoginPage" time="9.116" errors="0" timestamp="2024-03-24T02:54:16 EDT" skipped="4">
  <testcase classname="com.ws.testcases.TestLoginPage" name="testPasswordRecoveryFailure" time="9.116"/>
  <testcase classname="com.ws.testcases.TestLoginPage" name="testLoginPageTitle">
    <skipped/>
  </testcase> <!-- testLoginPageTitle -->
  <testcase classname="com.ws.testcases.TestLoginPage" name="testPasswordRecovery">
    <skipped/>
  </testcase> <!-- testPasswordRecovery -->
  <testcase classname="com.ws.testcases.TestLoginPage" name="testForgotPasswordDisplayed">
    <skipped/>
  </testcase> <!-- testForgotPasswordDisplayed -->
  <testcase classname="com.ws.testcases.TestLoginPage" name="testLoginFunction">
    <skipped/>
  </testcase> <!-- testLoginFunction -->
</testsuite> <!-- com.ws.testcases.TestLoginPage -->
